# JRE version: Java(TM) SE Runtime Environment (18.0.2.1+1) (build 18.0.2.1+1-1)
# Java VM: Java HotSpot(TM) 64-Bit Server VM (18.0.2.1+1-1, mixed mode, sharing, tiered, compressed oops, compressed class ptrs, g1 gc, windows-amd64)
GC Precious Log:
 CardTable entry size: 512
 Card Set container configuration: InlinePtr #cards 4 size 8 Array Of Cards #cards 16 size 48 Howl #buckets 8 coarsen threshold 3686 Howl Bitmap #cards 512 size 80 coarsen threshold 460 Card regions per heap region 1 cards per card region 4096
 CPUs: 16 total, 16 available
 Memory: 15720M
 Large Page Support: Disabled
 NUMA Support: Disabled
 Compressed Oops: Enabled (Zero based)
 Heap Region Size: 2M
 Heap Min Capacity: 8M
 Heap Initial Capacity: 246M
 Heap Max Capacity: 3932M
 Pre-touch: Disabled
 Parallel Workers: 13
 Concurrent Workers: 3
 Concurrent Refinement Workers: 13
 Periodic GC: Disabled
Heap:
 garbage-first heap   total 161792K, used 91631K [0x000000070a400000, 0x0000000800000000)
  region size 2048K, 2 young (4096K), 2 survivors (4096K)
 Metaspace       used 31460K, committed 31808K, reserved 1114112K
  class space    used 3767K, committed 3968K, reserved 1048576K
GC Heap History (20 events):
Event: 6.802 GC heap after
{Heap after GC invocations=6 (full 0):
 garbage-first heap   total 63488K, used 24361K [0x000000070a400000, 0x0000000800000000)
  region size 2048K, 2 young (4096K), 2 survivors (4096K)
 Metaspace       used 29882K, committed 30208K, reserved 1114112K
  class space    used 3682K, committed 3840K, reserved 1048576K
}
Event: 8.284 GC heap before
{Heap before GC invocations=6 (full 0):
 garbage-first heap   total 63488K, used 26409K [0x000000070a400000, 0x0000000800000000)
  region size 2048K, 3 young (6144K), 2 survivors (4096K)
 Metaspace       used 30003K, committed 30272K, reserved 1114112K
  class space    used 3691K, committed 3840K, reserved 1048576K
}
Event: 8.290 GC heap after
{Heap after GC invocations=7 (full 0):
 garbage-first heap   total 63488K, used 24707K [0x000000070a400000, 0x0000000800000000)
  region size 2048K, 1 young (2048K), 1 survivors (2048K)
 Metaspace       used 30003K, committed 30272K, reserved 1114112K
  class space    used 3691K, committed 3840K, reserved 1048576K
}
Event: 8.298 GC heap before
{Heap before GC invocations=7 (full 0):
 garbage-first heap   total 63488K, used 24707K [0x000000070a400000, 0x0000000800000000)
  region size 2048K, 2 young (4096K), 1 survivors (2048K)
 Metaspace       used 30008K, committed 30272K, reserved 1114112K
  class space    used 3691K, committed 3840K, reserved 1048576K
}
Event: 8.300 GC heap after
{Heap after GC invocations=8 (full 0):
 garbage-first heap   total 63488K, used 24319K [0x000000070a400000, 0x0000000800000000)
  region size 2048K, 1 young (2048K), 1 survivors (2048K)
 Metaspace       used 30008K, committed 30272K, reserved 1114112K
  class space    used 3691K, committed 3840K, reserved 1048576K
}
Event: 16.184 GC heap before
{Heap before GC invocations=8 (full 0):
 garbage-first heap   total 63488K, used 38655K [0x000000070a400000, 0x0000000800000000)
  region size 2048K, 6 young (12288K), 1 survivors (2048K)
 Metaspace       used 30491K, committed 30784K, reserved 1114112K
  class space    used 3732K, committed 3904K, reserved 1048576K
}
Event: 16.186 GC heap after
{Heap after GC invocations=9 (full 0):
 garbage-first heap   total 63488K, used 31226K [0x000000070a400000, 0x0000000800000000)
  region size 2048K, 1 young (2048K), 1 survivors (2048K)
 Metaspace       used 30491K, committed 30784K, reserved 1114112K
  class space    used 3732K, committed 3904K, reserved 1048576K
}
Event: 19.807 GC heap before
{Heap before GC invocations=10 (full 0):
 garbage-first heap   total 69632K, used 39418K [0x000000070a400000, 0x0000000800000000)
  region size 2048K, 3 young (6144K), 1 survivors (2048K)
 Metaspace       used 30539K, committed 30912K, reserved 1114112K
  class space    used 3732K, committed 3904K, reserved 1048576K
}
Event: 19.809 GC heap after
{Heap after GC invocations=11 (full 0):
 garbage-first heap   total 122880K, used 37979K [0x000000070a400000, 0x0000000800000000)
  region size 2048K, 1 young (2048K), 1 survivors (2048K)
 Metaspace       used 30539K, committed 30912K, reserved 1114112K
  class space    used 3732K, committed 3904K, reserved 1048576K
}
Event: 43.665 GC heap before
{Heap before GC invocations=11 (full 0):
 garbage-first heap   total 122880K, used 74843K [0x000000070a400000, 0x0000000800000000)
  region size 2048K, 11 young (22528K), 1 survivors (2048K)
 Metaspace       used 30916K, committed 31296K, reserved 1114112K
  class space    used 3733K, committed 3904K, reserved 1048576K
}
Event: 43.669 GC heap after
{Heap after GC invocations=12 (full 0):
 garbage-first heap   total 122880K, used 58195K [0x000000070a400000, 0x0000000800000000)
  region size 2048K, 2 young (4096K), 2 survivors (4096K)
 Metaspace       used 30916K, committed 31296K, reserved 1114112K
  class space    used 3733K, committed 3904K, reserved 1048576K
}
Event: 48.646 GC heap before
{Heap before GC invocations=12 (full 0):
 garbage-first heap   total 122880K, used 66387K [0x000000070a400000, 0x0000000800000000)
  region size 2048K, 4 young (8192K), 2 survivors (4096K)
 Metaspace       used 30988K, committed 31296K, reserved 1114112K
  class space    used 3733K, committed 3904K, reserved 1048576K
}
Event: 48.649 GC heap after
{Heap after GC invocations=13 (full 0):
 garbage-first heap   total 122880K, used 64888K [0x000000070a400000, 0x0000000800000000)
  region size 2048K, 2 young (4096K), 2 survivors (4096K)
 Metaspace       used 30988K, committed 31296K, reserved 1114112K
  class space    used 3733K, committed 3904K, reserved 1048576K
}
Event: 60.589 GC heap before
{Heap before GC invocations=14 (full 0):
 garbage-first heap   total 126976K, used 77176K [0x000000070a400000, 0x0000000800000000)
  region size 2048K, 6 young (12288K), 2 survivors (4096K)
 Metaspace       used 31127K, committed 31488K, reserved 1114112K
  class space    used 3738K, committed 3904K, reserved 1048576K
}
Event: 60.592 GC heap after
{Heap after GC invocations=15 (full 0):
 garbage-first heap   total 126976K, used 71831K [0x000000070a400000, 0x0000000800000000)
  region size 2048K, 1 young (2048K), 1 survivors (2048K)
 Metaspace       used 31127K, committed 31488K, reserved 1114112K
  class space    used 3738K, committed 3904K, reserved 1048576K
}
Event: 66.249 GC heap before
{Heap before GC invocations=16 (full 0):
 garbage-first heap   total 137216K, used 80023K [0x000000070a400000, 0x0000000800000000)
  region size 2048K, 3 young (6144K), 1 survivors (2048K)
 Metaspace       used 31151K, committed 31488K, reserved 1114112K
  class space    used 3738K, committed 3904K, reserved 1048576K
}
Event: 66.252 GC heap after
{Heap after GC invocations=17 (full 0):
 garbage-first heap   total 137216K, used 78295K [0x000000070a400000, 0x0000000800000000)
  region size 2048K, 1 young (2048K), 1 survivors (2048K)
 Metaspace       used 31151K, committed 31488K, reserved 1114112K
  class space    used 3738K, committed 3904K, reserved 1048576K
}
Event: 81.119 GC heap before
{Heap before GC invocations=18 (full 0):
 garbage-first heap   total 147456K, used 90583K [0x000000070a400000, 0x0000000800000000)
  region size 2048K, 5 young (10240K), 1 survivors (2048K)
 Metaspace       used 31321K, committed 31744K, reserved 1114112K
  class space    used 3748K, committed 3968K, reserved 1048576K
}
Event: 81.123 GC heap after
{Heap after GC invocations=19 (full 0):
 garbage-first heap   total 147456K, used 85106K [0x000000070a400000, 0x0000000800000000)
  region size 2048K, 2 young (4096K), 2 survivors (4096K)
 Metaspace       used 31321K, committed 31744K, reserved 1114112K
  class space    used 3748K, committed 3968K, reserved 1048576K
}
Event: 86.609 GC heap before
{Heap before GC invocations=20 (full 0):
 garbage-first heap   total 161792K, used 97394K [0x000000070a400000, 0x0000000800000000)
  region size 2048K, 6 young (12288K), 2 survivors (4096K)
 Metaspace       used 31460K, committed 31808K, reserved 1114112K
  class space    used 3767K, committed 3968K, reserved 1048576K
}

